c:\users\user\desktop\ejerciciosparte2-matias-fontes-248142\debug\vc142.pdb
c:\users\user\desktop\ejerciciosparte2-matias-fontes-248142\debug\vc142.idb
c:\users\user\desktop\ejerciciosparte2-matias-fontes-248142\debug\multisetintimp.obj
c:\users\user\desktop\ejerciciosparte2-matias-fontes-248142\debug\manejadorsalidaprueba.obj
c:\users\user\desktop\ejerciciosparte2-matias-fontes-248142\debug\manejadorimpresionprueba.obj
c:\users\user\desktop\ejerciciosparte2-matias-fontes-248142\debug\manejadorarchivos.obj
c:\users\user\desktop\ejerciciosparte2-matias-fontes-248142\debug\main.obj
c:\users\user\desktop\ejerciciosparte2-matias-fontes-248142\debug\listaposintimp.obj
c:\users\user\desktop\ejerciciosparte2-matias-fontes-248142\debug\listaordintimp2.obj
c:\users\user\desktop\ejerciciosparte2-matias-fontes-248142\debug\listaordintimp.obj
c:\users\user\desktop\ejerciciosparte2-matias-fontes-248142\debug\funcaux_s.obj
c:\users\user\desktop\ejerciciosparte2-matias-fontes-248142\debug\funcauxtad.obj
c:\users\user\desktop\ejerciciosparte2-matias-fontes-248142\debug\funcaux.obj
c:\users\user\desktop\ejerciciosparte2-matias-fontes-248142\debug\estadisticaprueba.obj
c:\users\user\desktop\ejerciciosparte2-matias-fontes-248142\debug\ejercicios.obj
c:\users\user\desktop\ejerciciosparte2-matias-fontes-248142\debug\diccionariointimp.obj
c:\users\user\desktop\ejerciciosparte2-matias-fontes-248142\debug\defensa.obj
c:\users\user\desktop\ejerciciosparte2-matias-fontes-248142\debug\conductorpruebaobl2.obj
c:\users\user\desktop\ejerciciosparte2-matias-fontes-248142\debug\conductorprueba.obj
c:\users\user\desktop\ejerciciosparte2-matias-fontes-248142\debug\colaprioridadintimp.obj
c:\users\user\desktop\ejerciciosparte2-matias-fontes-248142\debug\colaintimp.obj
c:\users\user\desktop\ejerciciosparte2-matias-fontes-248142\debug\colaarray.obj
c:\users\user\desktop\ejerciciosparte2-matias-fontes-248142\debug\tablaintintimp.obj
c:\users\user\desktop\ejerciciosparte2-matias-fontes-248142\debug\setintimp.obj
c:\users\user\desktop\ejerciciosparte2-matias-fontes-248142\debug\pruebastablaintstring.obj
c:\users\user\desktop\ejerciciosparte2-matias-fontes-248142\debug\pruebastablaintint.obj
c:\users\user\desktop\ejerciciosparte2-matias-fontes-248142\debug\pruebassetint.obj
c:\users\user\desktop\ejerciciosparte2-matias-fontes-248142\debug\pruebaspropias.obj
c:\users\user\desktop\ejerciciosparte2-matias-fontes-248142\debug\pruebaspilaint.obj
c:\users\user\desktop\ejerciciosparte2-matias-fontes-248142\debug\pruebasmultisetint.obj
c:\users\user\desktop\ejerciciosparte2-matias-fontes-248142\debug\pruebaslistaposint.obj
c:\users\user\desktop\ejerciciosparte2-matias-fontes-248142\debug\pruebaslistaordint.obj
c:\users\user\desktop\ejerciciosparte2-matias-fontes-248142\debug\pruebasejemplodeusoentrega.obj
c:\users\user\desktop\ejerciciosparte2-matias-fontes-248142\debug\pruebasdiccionarioint.obj
c:\users\user\desktop\ejerciciosparte2-matias-fontes-248142\debug\pruebasdefensa.obj
c:\users\user\desktop\ejerciciosparte2-matias-fontes-248142\debug\pruebascorreccion.obj
c:\users\user\desktop\ejerciciosparte2-matias-fontes-248142\debug\pruebascolaprioridadint.obj
c:\users\user\desktop\ejerciciosparte2-matias-fontes-248142\debug\pruebascolaint.obj
c:\users\user\desktop\ejerciciosparte2-matias-fontes-248142\debug\pruebasauxentrega.obj
c:\users\user\desktop\ejerciciosparte2-matias-fontes-248142\debug\pruebasauxdefensa.obj
c:\users\user\desktop\ejerciciosparte2-matias-fontes-248142\debug\prueba.obj
c:\users\user\desktop\ejerciciosparte2-matias-fontes-248142\debug\pilaintimp.obj
c:\users\user\desktop\ejerciciosparte2-matias-fontes-248142\debug\tablaintstringimp.obj
c:\users\user\desktop\ejerciciosparte2-matias-fontes-248142\debug\aframework.ilk
c:\users\user\desktop\ejerciciosparte2-matias-fontes-248142\debug\aframework.exe
c:\users\user\desktop\ejerciciosparte2-matias-fontes-248142\debug\aframework.pdb
c:\users\user\desktop\ejerciciosparte2-matias-fontes-248142\debug\aframework.tlog\cl.command.1.tlog
c:\users\user\desktop\ejerciciosparte2-matias-fontes-248142\debug\aframework.tlog\cl.read.1.tlog
c:\users\user\desktop\ejerciciosparte2-matias-fontes-248142\debug\aframework.tlog\cl.write.1.tlog
c:\users\user\desktop\ejerciciosparte2-matias-fontes-248142\debug\aframework.tlog\link.command.1.tlog
c:\users\user\desktop\ejerciciosparte2-matias-fontes-248142\debug\aframework.tlog\link.read.1.tlog
c:\users\user\desktop\ejerciciosparte2-matias-fontes-248142\debug\aframework.tlog\link.write.1.tlog
