e:\ort\algoritmos 1\2020s2_ejercicios2\2020s2_ejercicios2\debug\vc142.pdb
e:\ort\algoritmos 1\2020s2_ejercicios2\2020s2_ejercicios2\debug\vc142.idb
e:\ort\algoritmos 1\2020s2_ejercicios2\2020s2_ejercicios2\debug\pruebaspropias.obj
e:\ort\algoritmos 1\2020s2_ejercicios2\2020s2_ejercicios2\debug\pruebaslistas.obj
e:\ort\algoritmos 1\2020s2_ejercicios2\2020s2_ejercicios2\debug\pruebasdefensa.obj
e:\ort\algoritmos 1\2020s2_ejercicios2\2020s2_ejercicios2\debug\pruebascomienzo.obj
e:\ort\algoritmos 1\2020s2_ejercicios2\2020s2_ejercicios2\debug\pruebasauxlistas.obj
e:\ort\algoritmos 1\2020s2_ejercicios2\2020s2_ejercicios2\debug\pruebasauxdefensa.obj
e:\ort\algoritmos 1\2020s2_ejercicios2\2020s2_ejercicios2\debug\pruebasauxcomienzo.obj
e:\ort\algoritmos 1\2020s2_ejercicios2\2020s2_ejercicios2\debug\pruebasauxarboles.obj
e:\ort\algoritmos 1\2020s2_ejercicios2\2020s2_ejercicios2\debug\pruebasarboles.obj
e:\ort\algoritmos 1\2020s2_ejercicios2\2020s2_ejercicios2\debug\pruebas.obj
e:\ort\algoritmos 1\2020s2_ejercicios2\2020s2_ejercicios2\debug\principal.obj
e:\ort\algoritmos 1\2020s2_ejercicios2\2020s2_ejercicios2\debug\manejadorsalidaprueba.obj
e:\ort\algoritmos 1\2020s2_ejercicios2\2020s2_ejercicios2\debug\funcaux_s.obj
e:\ort\algoritmos 1\2020s2_ejercicios2\2020s2_ejercicios2\debug\funcaux.obj
e:\ort\algoritmos 1\2020s2_ejercicios2\2020s2_ejercicios2\debug\ejercicioslistas.obj
e:\ort\algoritmos 1\2020s2_ejercicios2\2020s2_ejercicios2\debug\ejercicioscomienzo.obj
e:\ort\algoritmos 1\2020s2_ejercicios2\2020s2_ejercicios2\debug\ejerciciosarboles.obj
e:\ort\algoritmos 1\2020s2_ejercicios2\2020s2_ejercicios2\debug\defensa.obj
e:\ort\algoritmos 1\2020s2_ejercicios2\2020s2_ejercicios2\debug\colaarray.obj
e:\ort\algoritmos 1\2020s2_ejercicios2\2020s2_ejercicios2\debug\aframework.exe
e:\ort\algoritmos 1\2020s2_ejercicios2\2020s2_ejercicios2\debug\aframework.ilk
e:\ort\algoritmos 1\2020s2_ejercicios2\2020s2_ejercicios2\debug\aframework.pdb
e:\ort\algoritmos 1\2020s2_ejercicios2\2020s2_ejercicios2\debug\aframework.tlog\cl.command.1.tlog
e:\ort\algoritmos 1\2020s2_ejercicios2\2020s2_ejercicios2\debug\aframework.tlog\cl.read.1.tlog
e:\ort\algoritmos 1\2020s2_ejercicios2\2020s2_ejercicios2\debug\aframework.tlog\cl.write.1.tlog
e:\ort\algoritmos 1\2020s2_ejercicios2\2020s2_ejercicios2\debug\aframework.tlog\link.command.1.tlog
e:\ort\algoritmos 1\2020s2_ejercicios2\2020s2_ejercicios2\debug\aframework.tlog\link.read.1.tlog
e:\ort\algoritmos 1\2020s2_ejercicios2\2020s2_ejercicios2\debug\aframework.tlog\link.write.1.tlog
